<?xml version="1.0" encoding="UTF-8"?>
<!-- Generated by org.testng.reporters.JUnitXMLReporter -->
<testsuite ignored="0" hostname="LAPTOP-0AE5AE9K" failures="0" tests="3" name="App Test" time="0.08" errors="0" timestamp="2025-07-15T19:11:17 ICT">
  <testcase classname="com.juaracoding.btestng.CalculatorTest" name="addTest" time="0.008"/>
  <testcase classname="com.juaracoding.btestng.CalculatorTest" name="substractTest" time="0.001"/>
  <testcase classname="com.juaracoding.btestng.SignInTest" name="tc003" time="0.001"/>
</testsuite> <!-- App Test -->
