<?xml version="1.0" encoding="UTF-8"?>
<!-- Generated by org.testng.reporters.JUnitXMLReporter -->
<testsuite ignored="1" hostname="LAPTOP-0AE5AE9K" failures="0" tests="2" name="App Test" time="0.075" errors="0" timestamp="2025-07-16T07:32:26 ICT">
  <testcase classname="com.juaracoding.btestng.SignInTest" name="signInTest" time="0.008"/>
  <testcase classname="com.juaracoding.btestng.SignInTest" name="profilTest" time="0.0"/>
  <testcase classname="com.juaracoding.btestng.SignInTest" name="dashboardTest" time="0.0">
    <ignored/>
  </testcase> <!-- dashboardTest -->
</testsuite> <!-- App Test -->
