<?xml version="1.0" encoding="UTF-8"?>
<testng-results ignored="0" total="2" passed="2" failed="0" skipped="0">
  <reporter-output>
  </reporter-output>
  <suite started-at="2025-07-16T07:06:43 ICT" name="Belajar TestNG Suite" finished-at="2025-07-16T07:06:44 ICT" duration-ms="86">
    <groups>
    </groups>
    <test started-at="2025-07-16T07:06:43 ICT" name="App Test" finished-at="2025-07-16T07:06:44 ICT" duration-ms="86">
      <class name="com.juaracoding.btestng.SignInTest">
        <test-method signature="signInTest()[pri:0, instance:com.juaracoding.btestng.SignInTest@2473d930]" started-at="2025-07-16T07:06:44 ICT" name="signInTest" finished-at="2025-07-16T07:06:44 ICT" duration-ms="8" status="PASS">
          <reporter-output>
          </reporter-output>
        </test-method> <!-- signInTest -->
        <test-method signature="dashboardTest()[pri:0, instance:com.juaracoding.btestng.SignInTest@2473d930]" started-at="2025-07-16T07:06:44 ICT" name="dashboardTest" finished-at="2025-07-16T07:06:44 ICT" depends-on-methods="com.juaracoding.btestng.SignInTest.signInTest" duration-ms="0" status="PASS">
          <reporter-output>
          </reporter-output>
        </test-method> <!-- dashboardTest -->
      </class> <!-- com.juaracoding.btestng.SignInTest -->
    </test> <!-- App Test -->
  </suite> <!-- Belajar TestNG Suite -->
</testng-results>
