<?xml version="1.0" encoding="UTF-8"?>
<testsuite xmlns:xsi="http://www.w3.org/2001/XMLSchema-instance" xsi:noNamespaceSchemaLocation="https://maven.apache.org/surefire/maven-surefire-plugin/xsd/surefire-test-report-3.0.xsd" version="3.0" name="TestSuite" time="0.902" tests="2" errors="0" skipped="0" failures="0">
  <properties>
[...]
</properties>
  <testcase name="signInTest" classname="com.juaracoding.btestng.SignInTest" time="0.017">
    <system-out><![CDATA[Method SignInTest.sigIntest dijalankan 
]]></system-out>
    <system-err><![CDATA[SLF4J(W): No SLF4J providers were found.
SLF4J(W): Defaulting to no-operation (NOP) logger implementation
SLF4J(W): See https://www.slf4j.org/codes.html#noProviders for further details.
]]></system-err>
  </testcase>
  <testcase name="profilTest" classname="com.juaracoding.btestng.SignInTest" time="0.006">
    <system-out><![CDATA[Method SignInTest.profilTest dijalankan
]]></system-out>
  </testcase>
</testsuite>