<?xml version="1.0" encoding="UTF-8"?>
<!-- Generated by org.testng.reporters.JUnitReportReporter -->
<testsuite hostname="LAPTOP-0AE5AE9K" failures="0" tests="3" name="com.juaracoding.btestng.SignInTest" time="0.009" errors="0" timestamp="2025-07-16T07:20:22 ICT" skipped="0">
  <testcase classname="com.juaracoding.btestng.SignInTest" name="dashboardTest" time="0.007"/>
  <testcase classname="com.juaracoding.btestng.SignInTest" name="signInTest" time="0.002"/>
  <testcase classname="com.juaracoding.btestng.SignInTest" name="profilTest" time="0.000"/>
</testsuite> <!-- com.juaracoding.btestng.SignInTest -->
