<?xml version="1.0" encoding="UTF-8"?>
<!-- Generated by org.testng.reporters.JUnitReportReporter -->
<testsuite hostname="LAPTOP-0AE5AE9K" failures="0" tests="3" name="com.juaracoding.btestng.SignInTest" time="0.004" errors="0" timestamp="2025-07-16T11:09:14 ICT" skipped="0">
  <testcase classname="com.juaracoding.btestng.SignInTest" name="fillUsername" time="0.004"/>
  <testcase classname="com.juaracoding.btestng.SignInTest" name="fillPassword" time="0.000"/>
  <testcase classname="com.juaracoding.btestng.SignInTest" name="clickButtonSignIn" time="0.000"/>
</testsuite> <!-- com.juaracoding.btestng.SignInTest -->
