<?xml version="1.0" encoding="UTF-8"?>
<!-- Generated by org.testng.reporters.JUnitReportReporter -->
<testsuite hostname="LAPTOP-0AE5AE9K" failures="0" tests="2" name="com.juaracoding.btestng.CalculatorTest" time="0.009" errors="0" timestamp="2025-07-15T19:11:17 ICT" skipped="0">
  <testcase classname="com.juaracoding.btestng.CalculatorTest" name="addTest" time="0.008"/>
  <testcase classname="com.juaracoding.btestng.CalculatorTest" name="substractTest" time="0.001"/>
</testsuite> <!-- com.juaracoding.btestng.CalculatorTest -->
